[  1%] Built target ros_study_msgs__cpp
failed to create symbolic link '/home/somyeong/Doosan_Robotics_Rokey/ros2_ws/build/ros_study_msgs/ament_cmake_python/ros_study_msgs/ros_study_msgs' because existing path cannot be removed: Is a directory
[ 12%] Built target ros_study_msgs__rosidl_generator_c
gmake[2]: *** [CMakeFiles/ament_cmake_python_symlink_ros_study_msgs.dir/build.make:70: CMakeFiles/ament_cmake_python_symlink_ros_study_msgs] Error 1
gmake[1]: *** [CMakeFiles/Makefile2:421: CMakeFiles/ament_cmake_python_symlink_ros_study_msgs.dir/all] Error 2
gmake[1]: *** Waiting for unfinished jobs....
[35m[1mConsolidate compiler generated dependencies of target ros_study_msgs__rosidl_typesupport_cpp[0m
[ 23%] Built target ros_study_msgs__rosidl_typesupport_cpp
gmake: *** [Makefile:146: all] Error 2
